<?xml version="1.0" encoding="UTF-8"?>
<!-- Generated by org.testng.reporters.JUnitReportReporter -->
<testsuite skipped="0" hostname="MD1N0QGC" name="automationTestCases.Exchange_9_Doorstep_Protocol_Page_Abort_Doorstep_Procedure_Fail_Chrome" tests="1" failures="0" timestamp="27 Jul 2017 12:52:14 GMT" time="49.085" errors="0">
  <testcase name="main" time="49.085" classname="automationTestCases.Exchange_9_Doorstep_Protocol_Page_Abort_Doorstep_Procedure_Fail_Chrome"/>
</testsuite> <!-- automationTestCases.Exchange_9_Doorstep_Protocol_Page_Abort_Doorstep_Procedure_Fail_Chrome -->
