<?xml version="1.0" encoding="UTF-8"?>
<!-- Generated by org.testng.reporters.JUnitReportReporter -->
<testsuite skipped="0" hostname="MD1N0QGC" name="automationTestCases.Exchange_3_Return_To_Appointments_List_Page_From_Appointment_Details_Page_Chrome" tests="1" failures="0" timestamp="02 Aug 2017 09:13:03 GMT" time="17.493" errors="0">
  <testcase name="main" time="17.493" classname="automationTestCases.Exchange_3_Return_To_Appointments_List_Page_From_Appointment_Details_Page_Chrome"/>
</testsuite> <!-- automationTestCases.Exchange_3_Return_To_Appointments_List_Page_From_Appointment_Details_Page_Chrome -->
