<?xml version="1.0" encoding="UTF-8"?>
<!-- Generated by org.testng.reporters.JUnitReportReporter -->
<testsuite skipped="0" hostname="MD1N0QGC" name="automationTestCases.Exchange_2_Elec_Suitable_For_Smart_Installation_Page_Abort_Chrome" tests="1" failures="0" timestamp="27 Jul 2017 09:20:24 GMT" time="33.822" errors="0">
  <testcase name="main" time="33.822" classname="automationTestCases.Exchange_2_Elec_Suitable_For_Smart_Installation_Page_Abort_Chrome"/>
</testsuite> <!-- automationTestCases.Exchange_2_Elec_Suitable_For_Smart_Installation_Page_Abort_Chrome -->
