<?xml version="1.0" encoding="UTF-8"?>
<!-- Generated by org.testng.reporters.JUnitReportReporter -->
<testsuite skipped="0" hostname="MD1N0QGC" name="automationTestCases.Exchange_1_Gas_Risk_Assessment_Gas_Abort_Low_Pressure_Chrome" tests="1" failures="0" timestamp="26 Jul 2017 14:07:21 GMT" time="34.118" errors="0">
  <testcase name="main" time="34.118" classname="automationTestCases.Exchange_1_Gas_Risk_Assessment_Gas_Abort_Low_Pressure_Chrome"/>
</testsuite> <!-- automationTestCases.Exchange_1_Gas_Risk_Assessment_Gas_Abort_Low_Pressure_Chrome -->
