<?xml version="1.0" encoding="UTF-8"?>
<!-- Generated by org.testng.reporters.JUnitReportReporter -->
<testsuite skipped="0" hostname="MD1N0QGC" name="automationTestCases.Exchange_3_Doorstep_Protocol_Page_Abort_Doorstep_Procedure_Fail_Chrome" tests="1" failures="0" timestamp="27 Jul 2017 09:25:52 GMT" time="56.591" errors="0">
  <testcase name="main" time="56.591" classname="automationTestCases.Exchange_3_Doorstep_Protocol_Page_Abort_Doorstep_Procedure_Fail_Chrome"/>
</testsuite> <!-- automationTestCases.Exchange_3_Doorstep_Protocol_Page_Abort_Doorstep_Procedure_Fail_Chrome -->
