<?xml version="1.0" encoding="UTF-8"?>
<!-- Generated by org.testng.reporters.JUnitReportReporter -->
<testsuite skipped="0" hostname="MD1N0QGC" name="automationTestCases.RMVE_1_Gas_Meter_Initial_Risk_Assessment_Gas_Abort_Chrome" tests="1" failures="0" timestamp="27 Jul 2017 15:35:38 GMT" time="29.629" errors="0">
  <testcase name="main" time="29.629" classname="automationTestCases.RMVE_1_Gas_Meter_Initial_Risk_Assessment_Gas_Abort_Chrome"/>
</testsuite> <!-- automationTestCases.RMVE_1_Gas_Meter_Initial_Risk_Assessment_Gas_Abort_Chrome -->
