<?xml version="1.0" encoding="UTF-8"?>
<!-- Generated by org.testng.reporters.JUnitReportReporter -->
<testsuite skipped="0" hostname="MD1N0QGC" name="automationTestCases.RMVE_1_Appointment_Details_Page_Abort_No_Access_Chrome" tests="1" failures="0" timestamp="27 Jul 2017 14:57:45 GMT" time="24.049" errors="0">
  <testcase name="main" time="24.049" classname="automationTestCases.RMVE_1_Appointment_Details_Page_Abort_No_Access_Chrome"/>
</testsuite> <!-- automationTestCases.RMVE_1_Appointment_Details_Page_Abort_No_Access_Chrome -->
