<?xml version="1.0" encoding="UTF-8"?>
<!-- Generated by org.testng.reporters.JUnitReportReporter -->
<testsuite skipped="0" hostname="MD1N0QGC" name="automationTestCases.Exchange_1_Doorstep_Protocol_Page_Abort_Doorstep_Procedure_Fail_Chrome" tests="1" failures="0" timestamp="26 Jul 2017 13:22:55 GMT" time="33.142" errors="0">
  <testcase name="main" time="33.142" classname="automationTestCases.Exchange_1_Doorstep_Protocol_Page_Abort_Doorstep_Procedure_Fail_Chrome"/>
</testsuite> <!-- automationTestCases.Exchange_1_Doorstep_Protocol_Page_Abort_Doorstep_Procedure_Fail_Chrome -->
