<?xml version="1.0" encoding="UTF-8"?>
<!-- Generated by org.testng.reporters.JUnitReportReporter -->
<testsuite skipped="0" hostname="MD1N0QGC" name="automationTestCases.NMEX_5_Elec_Risk_Assessment_Page_Abort_Chrome" tests="1" failures="0" timestamp="27 Jul 2017 14:36:37 GMT" time="35.387" errors="0">
  <testcase name="main" time="35.387" classname="automationTestCases.NMEX_5_Elec_Risk_Assessment_Page_Abort_Chrome"/>
</testsuite> <!-- automationTestCases.NMEX_5_Elec_Risk_Assessment_Page_Abort_Chrome -->
