<?xml version="1.0" encoding="UTF-8"?>
<!-- Generated by org.testng.reporters.JUnitReportReporter -->
<testsuite skipped="0" hostname="MD1N0QGC" name="automationTestCases.INST_5_Doorstep_Protocol_Page_Abort_Doorstep_Procedure_Fail_Chrome" tests="1" failures="0" timestamp="27 Jul 2017 13:51:05 GMT" time="27.760" errors="0">
  <testcase name="main" time="27.760" classname="automationTestCases.INST_5_Doorstep_Protocol_Page_Abort_Doorstep_Procedure_Fail_Chrome"/>
</testsuite> <!-- automationTestCases.INST_5_Doorstep_Protocol_Page_Abort_Doorstep_Procedure_Fail_Chrome -->
