<?xml version="1.0" encoding="UTF-8"?>
<!-- Generated by org.testng.reporters.JUnitReportReporter -->
<testsuite skipped="0" hostname="MD1N0QGC" name="automationTestCases.RMVE_1_Gas_Risk_Assessment_Gas_Abort_Low_Pressure_Chrome" tests="1" failures="0" timestamp="27 Jul 2017 15:36:40 GMT" time="30.425" errors="0">
  <testcase name="main" time="30.425" classname="automationTestCases.RMVE_1_Gas_Risk_Assessment_Gas_Abort_Low_Pressure_Chrome"/>
</testsuite> <!-- automationTestCases.RMVE_1_Gas_Risk_Assessment_Gas_Abort_Low_Pressure_Chrome -->
