<?xml version="1.0" encoding="UTF-8"?>
<!-- Generated by org.testng.reporters.JUnitReportReporter -->
<testsuite skipped="0" hostname="MD1N0QGC" name="automationTestCases.FLTY_17_Elec_Risk_Assessment_Page_Abort_Chrome" tests="1" failures="0" timestamp="27 Jul 2017 13:13:18 GMT" time="72.059" errors="0">
  <testcase name="main" time="72.059" classname="automationTestCases.FLTY_17_Elec_Risk_Assessment_Page_Abort_Chrome"/>
</testsuite> <!-- automationTestCases.FLTY_17_Elec_Risk_Assessment_Page_Abort_Chrome -->
