<?xml version="1.0" encoding="UTF-8"?>
<!-- Generated by org.testng.reporters.JUnitReportReporter -->
<testsuite skipped="0" hostname="MD1N0QGC" name="automationTestCases.FLTY_17_Appointment_Details_Page_Abort_No_Access_Chrome" tests="1" failures="0" timestamp="27 Jul 2017 12:45:00 GMT" time="43.199" errors="0">
  <testcase name="main" time="43.199" classname="automationTestCases.FLTY_17_Appointment_Details_Page_Abort_No_Access_Chrome"/>
</testsuite> <!-- automationTestCases.FLTY_17_Appointment_Details_Page_Abort_No_Access_Chrome -->
