<?xml version="1.0" encoding="UTF-8"?>
<!-- Generated by org.testng.reporters.JUnitReportReporter -->
<testsuite skipped="0" hostname="MD1N0QGC" name="automationTestCases.Asset_Management_Stock_Take_Chrome" tests="1" failures="0" timestamp="27 Jul 2017 08:05:16 GMT" time="24.869" errors="0">
  <testcase name="main" time="24.869" classname="automationTestCases.Asset_Management_Stock_Take_Chrome"/>
</testsuite> <!-- automationTestCases.Asset_Management_Stock_Take_Chrome -->
