<?xml version="1.0" encoding="UTF-8"?>
<!-- Generated by org.testng.reporters.JUnitReportReporter -->
<testsuite skipped="0" hostname="MD1N0QGC" name="automationTestCases.NMEX_5_Elec_Initial_Risk_Assessment_Page_Abort_Chrome" tests="1" failures="0" timestamp="02 Aug 2017 09:13:03 GMT" time="26.205" errors="0">
  <testcase name="main" time="26.205" classname="automationTestCases.NMEX_5_Elec_Initial_Risk_Assessment_Page_Abort_Chrome"/>
</testsuite> <!-- automationTestCases.NMEX_5_Elec_Initial_Risk_Assessment_Page_Abort_Chrome -->
