<?xml version="1.0" encoding="UTF-8"?>
<!-- Generated by org.testng.reporters.JUnitReportReporter -->
<testsuite skipped="0" hostname="MD1N0QGC" name="automationTestCases.Exchange_11_Doorstep_Protocol_Page_Abort_Doorstep_Procedure_Fail_Chrome" tests="1" failures="0" timestamp="26 Jul 2017 16:08:43 GMT" time="29.513" errors="0">
  <testcase name="main" time="29.513" classname="automationTestCases.Exchange_11_Doorstep_Protocol_Page_Abort_Doorstep_Procedure_Fail_Chrome"/>
</testsuite> <!-- automationTestCases.Exchange_11_Doorstep_Protocol_Page_Abort_Doorstep_Procedure_Fail_Chrome -->
