<?xml version="1.0" encoding="UTF-8"?>
<!-- Generated by org.testng.reporters.JUnitReportReporter -->
<testsuite skipped="0" hostname="MD1N0QGC" name="automationTestCases.RMVE_1_Gas_Risk_Assessment_Gas_Abort_Low_Pressure_Chrome" tests="1" failures="0" timestamp="02 Aug 2017 09:13:03 GMT" time="25.602" errors="0">
  <testcase name="main" time="25.602" classname="automationTestCases.RMVE_1_Gas_Risk_Assessment_Gas_Abort_Low_Pressure_Chrome"/>
</testsuite> <!-- automationTestCases.RMVE_1_Gas_Risk_Assessment_Gas_Abort_Low_Pressure_Chrome -->
