<?xml version="1.0" encoding="UTF-8"?>
<!-- Generated by org.testng.reporters.JUnitReportReporter -->
<testsuite skipped="0" hostname="MD1N0QGC" name="automationTestCases.Exchange_2_Doorstep_Protocol_Page_Abort_Doorstep_Procedure_Fail_Chrome" tests="1" failures="0" timestamp="27 Jul 2017 08:52:50 GMT" time="27.597" errors="0">
  <testcase name="main" time="27.597" classname="automationTestCases.Exchange_2_Doorstep_Protocol_Page_Abort_Doorstep_Procedure_Fail_Chrome"/>
</testsuite> <!-- automationTestCases.Exchange_2_Doorstep_Protocol_Page_Abort_Doorstep_Procedure_Fail_Chrome -->
