<?xml version="1.0" encoding="UTF-8"?>
<!-- Generated by org.testng.reporters.JUnitReportReporter -->
<testsuite skipped="0" hostname="MD1N0QGC" name="automationTestCases.NMEX_5_Doorstep_Protocol_Page_Abort_Doorstep_Procedure_Fail_Chrome" tests="1" failures="0" timestamp="02 Aug 2017 09:13:03 GMT" time="24.152" errors="0">
  <testcase name="main" time="24.152" classname="automationTestCases.NMEX_5_Doorstep_Protocol_Page_Abort_Doorstep_Procedure_Fail_Chrome"/>
</testsuite> <!-- automationTestCases.NMEX_5_Doorstep_Protocol_Page_Abort_Doorstep_Procedure_Fail_Chrome -->
