<?xml version="1.0" encoding="UTF-8"?>
<!-- Generated by org.testng.reporters.JUnitReportReporter -->
<testsuite skipped="0" hostname="MD1N0QGC" name="automationTestCases.INST_5_Appointment_Details_Page_Abort_No_Access_Chrome" tests="1" failures="0" timestamp="02 Aug 2017 09:13:03 GMT" time="29.396" errors="0">
  <testcase name="main" time="29.396" classname="automationTestCases.INST_5_Appointment_Details_Page_Abort_No_Access_Chrome"/>
</testsuite> <!-- automationTestCases.INST_5_Appointment_Details_Page_Abort_No_Access_Chrome -->
